<?xml version="1.0" encoding="UTF-8"?>
<!-- Generated by org.testng.reporters.JUnitXMLReporter -->
<testsuite ignored="4" hostname="LAPTOP-8KEUHDTP" failures="1" tests="3" name="Default test(failed)" time="32.469" errors="0" timestamp="2020-07-15T18:44:20 IST">
  <testcase classname="MyFirstProject.AutomatingUdemy.UdemyTest" name="wrongSearchWeb" time="2.693"/>
  <testcase classname="MyFirstProject.AutomatingUdemy.UdemyTest" name="negativeFilterCheckForLevel" time="2.296"/>
  <testcase classname="MyFirstProject.AutomatingUdemy.UdemyTest" name="negativeFilterCheckForLanguage2" time="12.435">
    <failure type="org.openqa.selenium.ElementNotInteractableException" message="element not interactable
  (Session info: chrome=83.0.4103.116)
Build info: version: &amp;apos;4.0.0-alpha-6&amp;apos;, revision: &amp;apos;5f43a29cfc&amp;apos;
System info: host: &amp;apos;LAPTOP-8KEUHDTP&amp;apos;, ip: &amp;apos;192.168.0.8&amp;apos;, os.name: &amp;apos;Windows 10&amp;apos;, os.arch: &amp;apos;amd64&amp;apos;, os.version: &amp;apos;10.0&amp;apos;, java.version: &amp;apos;12.0.2&amp;apos;
Driver info: org.openqa.selenium.chrome.ChromeDriver
Capabilities {acceptInsecureCerts: false, browserName: chrome, browserVersion: 83.0.4103.116, chrome: {chromedriverVersion: 83.0.4103.39 (ccbf011cb2d2b..., userDataDir: C:\Users\Puspak\AppData\Loc...}, goog:chromeOptions: {debuggerAddress: localhost:55408}, javascriptEnabled: true, networkConnectionEnabled: false, pageLoadStrategy: normal, platform: WINDOWS, platformName: WINDOWS, proxy: Proxy(), setWindowRect: true, strictFileInteractability: false, timeouts: {implicit: 0, pageLoad: 300000, script: 30000}, unhandledPromptBehavior: dismiss and notify, webauthn:virtualAuthenticators: true}
Session ID: 54947534abc77404b2968933263d6c13">
      <![CDATA[org.openqa.selenium.ElementNotInteractableException: element not interactable
  (Session info: chrome=83.0.4103.116)
Build info: version: '4.0.0-alpha-6', revision: '5f43a29cfc'
System info: host: 'LAPTOP-8KEUHDTP', ip: '192.168.0.8', os.name: 'Windows 10', os.arch: 'amd64', os.version: '10.0', java.version: '12.0.2'
Driver info: org.openqa.selenium.chrome.ChromeDriver
Capabilities {acceptInsecureCerts: false, browserName: chrome, browserVersion: 83.0.4103.116, chrome: {chromedriverVersion: 83.0.4103.39 (ccbf011cb2d2b..., userDataDir: C:\Users\Puspak\AppData\Loc...}, goog:chromeOptions: {debuggerAddress: localhost:55408}, javascriptEnabled: true, networkConnectionEnabled: false, pageLoadStrategy: normal, platform: WINDOWS, platformName: WINDOWS, proxy: Proxy(), setWindowRect: true, strictFileInteractability: false, timeouts: {implicit: 0, pageLoad: 300000, script: 30000}, unhandledPromptBehavior: dismiss and notify, webauthn:virtualAuthenticators: true}
Session ID: 54947534abc77404b2968933263d6c13
at org.openqa.selenium.remote.codec.w3c.W3CHttpResponseCodec.createException(W3CHttpResponseCodec.java:196)
at org.openqa.selenium.remote.codec.w3c.W3CHttpResponseCodec.decode(W3CHttpResponseCodec.java:129)
at org.openqa.selenium.remote.codec.w3c.W3CHttpResponseCodec.decode(W3CHttpResponseCodec.java:53)
at org.openqa.selenium.remote.HttpCommandExecutor.execute(HttpCommandExecutor.java:160)
at org.openqa.selenium.remote.service.DriverCommandExecutor.execute(DriverCommandExecutor.java:83)
at org.openqa.selenium.remote.RemoteWebDriver.execute(RemoteWebDriver.java:582)
at org.openqa.selenium.remote.RemoteWebElement.execute(RemoteWebElement.java:316)
at org.openqa.selenium.remote.RemoteWebElement.click(RemoteWebElement.java:85)
at pageObjects.UdemyPagesFunctionality.selectFiltersForLangageBahasa(UdemyPagesFunctionality.java:102)
at MyFirstProject.AutomatingUdemy.UdemyTest.negativeFilterCheckForLanguage2(UdemyTest.java:134)
at java.base/java.util.ArrayList.forEach(ArrayList.java:1540)
... Removed 32 stack frames]]>
    </failure>
  </testcase> <!-- negativeFilterCheckForLanguage2 -->
  <testcase classname="MyFirstProject.AutomatingUdemy.UdemyTest" name="filterCheckForLanguage" time="0.0">
    <ignored/>
  </testcase> <!-- filterCheckForLanguage -->
  <testcase classname="MyFirstProject.AutomatingUdemy.UdemyTest" name="filterCheckForLevel" time="0.0">
    <ignored/>
  </testcase> <!-- filterCheckForLevel -->
  <testcase classname="MyFirstProject.AutomatingUdemy.UdemyTest" name="printConsole" time="0.0">
    <ignored/>
  </testcase> <!-- printConsole -->
  <testcase classname="MyFirstProject.AutomatingUdemy.UdemyTest" name="correctSearchWeb" time="0.0">
    <ignored/>
  </testcase> <!-- correctSearchWeb -->
</testsuite> <!-- Default test(failed) -->
