<?xml version="1.0" encoding="UTF-8"?>
<!-- Generated by org.testng.reporters.JUnitXMLReporter -->
<testsuite ignored="0" hostname="DESKTOP-42LLPTV" failures="0" tests="8" name="Test" time="63.647" errors="0" timestamp="2020-08-11T13:29:59 IST">
  <testcase classname="MyFirstProject.AutomatingUdemy.UdemyTest" name="correctSearchWeb" time="4.304"/>
  <testcase classname="MyFirstProject.AutomatingUdemy.UdemyTest" name="filterCheckForLevel" time="0.901"/>
  <testcase classname="MyFirstProject.AutomatingUdemy.UdemyTest" name="filterCheckForLanguage" time="0.784"/>
  <testcase classname="MyFirstProject.AutomatingUdemy.UdemyTest" name="printConsole" time="1.851"/>
  <testcase classname="MyFirstProject.AutomatingUdemy.UdemyTest" name="wrongSearchWeb" time="1.16"/>
  <testcase classname="MyFirstProject.AutomatingUdemy.UdemyTest" name="negativeFilterCheckForLevel" time="0.707"/>
  <testcase classname="MyFirstProject.AutomatingUdemy.UdemyTest" name="negativeFilterCheckForLanguage2" time="0.892"/>
  <testcase classname="MyFirstProject.AutomatingUdemy.UdemyTest" name="noCourseSearched" time="0.822"/>
</testsuite> <!-- Test -->
