<?xml version="1.0" encoding="UTF-8"?>
<testsuite xmlns:xsi="http://www.w3.org/2001/XMLSchema-instance" xsi:noNamespaceSchemaLocation="https://maven.apache.org/surefire/maven-surefire-plugin/xsd/surefire-test-report-3.0.xsd" version="3.0" name="TestSuite" time="65.702" tests="8" errors="0" skipped="0" failures="0">
  <properties>
[...]
</properties>
  <testcase name="correctSearchWeb" classname="MyFirstProject.AutomatingUdemy.UdemyTest" time="9.161">
    <system-out><![CDATA[THE TEST CASE HAS PASSED SUCCESSFULLY
THE TEST CASE HAS PASSED SUCCESSFULLY
]]></system-out>
    <system-err><![CDATA[[main] INFO io.github.bonigarcia.wdm.WebDriverManager - Using chromedriver 84.0.4147.30 (since Chrome 84 is installed in your machine)
[main] INFO io.github.bonigarcia.wdm.WebDriverManager - Exporting webdriver.chrome.driver as C:\Windows\system32\config\systemprofile\.m2\repository\webdriver\chromedriver\win32\84.0.4147.30\chromedriver.exe
Starting ChromeDriver 84.0.4147.30 (48b3e868b4cc0aa7e8149519690b6f6949e110a8-refs/branch-heads/4147@{#310}) on port 35236
Only local connections are allowed.
Please see https://chromedriver.chromium.org/security-considerations for suggestions on keeping ChromeDriver safe.
ChromeDriver was started successfully.
Aug 11, 2020 1:29:04 PM org.openqa.selenium.remote.ProtocolHandshake createSession
INFO: Detected dialect: W3C
]]></system-err>
  </testcase>
  <testcase name="filterCheckForLevel" classname="MyFirstProject.AutomatingUdemy.UdemyTest" time="5.658">
    <system-out><![CDATA[THE TEST CASE HAS PASSED SUCCESSFULLY
THE TEST CASE HAS PASSED SUCCESSFULLY
]]></system-out>
  </testcase>
  <testcase name="filterCheckForLanguage" classname="MyFirstProject.AutomatingUdemy.UdemyTest" time="5.58">
    <system-out><![CDATA[THE TEST CASE HAS PASSED SUCCESSFULLY
THE TEST CASE HAS PASSED SUCCESSFULLY
]]></system-out>
  </testcase>
  <testcase name="printConsole" classname="MyFirstProject.AutomatingUdemy.UdemyTest" time="6.667">
    <system-out><![CDATA[Successful.
THE TEST CASE HAS PASSED SUCCESSFULLY
THE TEST CASE HAS PASSED SUCCESSFULLY
]]></system-out>
  </testcase>
  <testcase name="wrongSearchWeb" classname="MyFirstProject.AutomatingUdemy.UdemyTest" time="5.879">
    <system-out><![CDATA[THE TEST CASE HAS PASSED SUCCESSFULLY
THE TEST CASE HAS PASSED SUCCESSFULLY
]]></system-out>
  </testcase>
  <testcase name="negativeFilterCheckForLevel" classname="MyFirstProject.AutomatingUdemy.UdemyTest" time="5.505">
    <system-out><![CDATA[THE TEST CASE HAS PASSED SUCCESSFULLY
THE TEST CASE HAS PASSED SUCCESSFULLY
]]></system-out>
  </testcase>
  <testcase name="negativeFilterCheckForLanguage2" classname="MyFirstProject.AutomatingUdemy.UdemyTest" time="5.573">
    <system-out><![CDATA[THE TEST CASE HAS PASSED SUCCESSFULLY
THE TEST CASE HAS PASSED SUCCESSFULLY
]]></system-out>
  </testcase>
  <testcase name="noCourseSearched" classname="MyFirstProject.AutomatingUdemy.UdemyTest" time="5.508">
    <system-out><![CDATA[THE TEST CASE HAS PASSED SUCCESSFULLY
THE TEST CASE HAS PASSED SUCCESSFULLY
]]></system-out>
  </testcase>
</testsuite>