<?xml version="1.0" encoding="UTF-8"?>
<testsuite xmlns:xsi="http://www.w3.org/2001/XMLSchema-instance" xsi:noNamespaceSchemaLocation="https://maven.apache.org/surefire/maven-surefire-plugin/xsd/surefire-test-report.xsd" name="MyFirstProject.AutomatingUdemy.UdemyTest" time="31.46" tests="7" errors="0" skipped="0" failures="0">
  <properties>
[...]
</properties>
  <testcase name="correctSearchWeb" classname="MyFirstProject.AutomatingUdemy.UdemyTest" time="6.793"/>
  <testcase name="filterCheckForLevel" classname="MyFirstProject.AutomatingUdemy.UdemyTest" time="1.57"/>
  <testcase name="filterCheckForLanguage" classname="MyFirstProject.AutomatingUdemy.UdemyTest" time="1.315"/>
  <testcase name="printConsole" classname="MyFirstProject.AutomatingUdemy.UdemyTest" time="2.708"/>
  <testcase name="wrongSearchWeb" classname="MyFirstProject.AutomatingUdemy.UdemyTest" time="2.089"/>
  <testcase name="negativeFilterCheckForLevel" classname="MyFirstProject.AutomatingUdemy.UdemyTest" time="1.972"/>
  <testcase name="negativeFilterCheckForLanguage2" classname="MyFirstProject.AutomatingUdemy.UdemyTest" time="2.597"/>
</testsuite>